#
# There is insufficient memory for the Java Runtime Environment to continue.
# Native memory allocation (malloc) failed to allocate 1048576 bytes for AllocateHeap
# Possible reasons:
#   The system is out of physical RAM or swap space
#   The process is running with CompressedOops enabled, and the Java Heap may be blocking the growth of the native heap
# Possible solutions:
#   Reduce memory load on the system
#   Increase physical memory or swap space
#   Check if swap backing store is full
#   Decrease Java heap size (-Xmx/-Xms)
#   Decrease number of Java threads
#   Decrease Java thread stack sizes (-Xss)
#   Set larger code cache with -XX:ReservedCodeCacheSize=
#   JVM is running with Zero Based Compressed Oops mode in which the Java heap is
#     placed in the first 32GB address space. The Java Heap base address is the
#     maximum limit for the native heap growth. Please use -XX:HeapBaseMinAddress
#     to set the Java Heap base and to place the Java Heap above 32GB virtual address.
# This output file may be truncated or incomplete.
#
#  Out of Memory Error (memory/allocation.inline.hpp:61), pid=15424, tid=0x0000000000003c0c
#
# JRE version:  (8.0_202-b58) (build )
# Java VM: OpenJDK 64-Bit Server VM (25.202-b58 mixed mode windows-amd64 compressed oops)
# Failed to write core dump. Minidumps are not enabled by default on client versions of Windows
#

---------------  T H R E A D  ---------------

Current thread (0x0000000002b3d800):  JavaThread "Unknown thread" [_thread_in_vm, id=15372, stack(0x0000000002b40000,0x0000000002c40000)]

Stack: [0x0000000002b40000,0x0000000002c40000]
[error occurred during error reporting (printing stack bounds), id 0xc0000005]

Native frames: (J=compiled Java code, j=interpreted, Vv=VM code, C=native code)


---------------  P R O C E S S  ---------------

Java Threads: ( => current thread )

Other Threads:

=>0x0000000002b3d800 (exited) JavaThread "Unknown thread" [_thread_in_vm, id=15372, stack(0x0000000002b40000,0x0000000002c40000)]

VM state:not at safepoint (normal execution)

VM Mutex/Monitor currently owned by a thread: None

heap address: 0x00000006c2600000, size: 4058 MB, Compressed Oops mode: Zero based, Oop shift amount: 3
Narrow klass base: 0x0000000000000000, Narrow klass shift: 3
Compressed class space size: 1073741824 Address: 0x00000007c0000000

Heap:
 PSYoungGen      total 75776K, used 1300K [0x000000076b780000, 0x0000000770c00000, 0x00000007c0000000)
  eden space 65024K, 2% used [0x000000076b780000,0x000000076b8c51f8,0x000000076f700000)
  from space 10752K, 0% used [0x0000000770180000,0x0000000770180000,0x0000000770c00000)
  to   space 10752K, 0% used [0x000000076f700000,0x000000076f700000,0x0000000770180000)
 ParOldGen       total 173568K, used 0K [0x00000006c2600000, 0x00000006ccf80000, 0x000000076b780000)
  object space 173568K, 0% used [0x00000006c2600000,0x00000006c2600000,0x00000006ccf80000)
 Metaspace       used 777K, capacity 4480K, committed 4480K, reserved 1056768K
  class space    used 74K, capacity 384K, committed 384K, reserved 1048576K

Card table byte_map: [0x0000000012100000,0x00000000128f0000] byte_map_base: 0x000000000eaed000

Marking Bits: (ParMarkBitMap*) 0x0000000062de9f30
 Begin Bits: [0x0000000013440000, 0x00000000173a8000)
 End Bits:   [0x00000000173a8000, 0x000000001b310000)

Polling page: 0x0000000000ad0000

CodeCache: size=245760Kb used=328Kb max_used=328Kb free=245431Kb
 bounds [0x0000000002d40000, 0x0000000002fb0000, 0x0000000011d40000]
 total_blobs=57 nmethods=0 adapters=38
 compilation: enabled

Compilation events (0 events):
No events

GC Heap History (0 events):
No events

Deoptimization events (0 events):
No events

Classes redefined (0 events):
No events

Internal exceptions (0 events):
No events

Events (10 events):
Event: 0.027 loading class java/lang/Short
Event: 0.027 loading class java/lang/Short done
Event: 0.027 loading class java/lang/Integer
Event: 0.027 loading class java/lang/Integer done
Event: 0.027 loading class java/lang/Long
Event: 0.028 loading class java/lang/Long done
Event: 0.028 loading class java/lang/NullPointerException
Event: 0.028 loading class java/lang/NullPointerException done
Event: 0.028 loading class java/lang/ArithmeticException
Event: 0.028 loading class java/lang/ArithmeticException done


Dynamic libraries:
0x00007ff7a83a0000 - 0x00007ff7a83d1000 	D:\java\IntelliJ IDEA\jre64\bin\java.exe
0x00007ff8df840000 - 0x00007ff8dfa2d000 	C:\Windows\SYSTEM32\ntdll.dll
0x00007ff8dcb20000 - 0x00007ff8dcbd3000 	C:\Windows\System32\KERNEL32.DLL
0x00007ff8dbed0000 - 0x00007ff8dc165000 	C:\Windows\System32\KERNELBASE.dll
0x00007ff8ded40000 - 0x00007ff8dede3000 	C:\Windows\System32\ADVAPI32.dll
0x00007ff8dd260000 - 0x00007ff8dd2fe000 	C:\Windows\System32\msvcrt.dll
0x00007ff8dca60000 - 0x00007ff8dcafe000 	C:\Windows\System32\sechost.dll
0x00007ff8deae0000 - 0x00007ff8dec02000 	C:\Windows\System32\RPCRT4.dll
0x00007ff8df430000 - 0x00007ff8df5c7000 	C:\Windows\System32\USER32.dll
0x00007ff8dba50000 - 0x00007ff8dba70000 	C:\Windows\System32\win32u.dll
0x00007ff8de800000 - 0x00007ff8de829000 	C:\Windows\System32\GDI32.dll
0x00007ff8dc170000 - 0x00007ff8dc309000 	C:\Windows\System32\gdi32full.dll
0x00007ff8db9b0000 - 0x00007ff8dba50000 	C:\Windows\System32\msvcp_win.dll
0x00007ff8dbdd0000 - 0x00007ff8dbeca000 	C:\Windows\System32\ucrtbase.dll
0x00007ff8c7910000 - 0x00007ff8c7b89000 	C:\Windows\WinSxS\amd64_microsoft.windows.common-controls_6595b64144ccf1df_6.0.17763.1158_none_de722d88534a897f\COMCTL32.dll
0x00007ff8df100000 - 0x00007ff8df42c000 	C:\Windows\System32\combase.dll
0x00007ff8dbd50000 - 0x00007ff8dbdce000 	C:\Windows\System32\bcryptPrimitives.dll
0x00007ff8dcbe0000 - 0x00007ff8dcc0e000 	C:\Windows\System32\IMM32.DLL
0x0000000062540000 - 0x0000000062612000 	D:\java\IntelliJ IDEA\jre64\bin\msvcr100.dll
0x0000000062620000 - 0x0000000062e66000 	D:\java\IntelliJ IDEA\jre64\bin\server\jvm.dll
0x00007ff8df800000 - 0x00007ff8df808000 	C:\Windows\System32\PSAPI.DLL
0x00007ff8d1c70000 - 0x00007ff8d1c79000 	C:\Windows\SYSTEM32\WSOCK32.dll
0x00007ff8dee70000 - 0x00007ff8deedd000 	C:\Windows\System32\WS2_32.dll
0x00007ff8d1840000 - 0x00007ff8d1864000 	C:\Windows\SYSTEM32\WINMM.dll
0x00007ff8d7790000 - 0x00007ff8d779a000 	C:\Windows\SYSTEM32\VERSION.dll
0x00007ff8d3d00000 - 0x00007ff8d3d2d000 	C:\Windows\SYSTEM32\winmmbase.dll
0x00007ff8dba70000 - 0x00007ff8dbaba000 	C:\Windows\System32\cfgmgr32.dll
0x00007ff8cc720000 - 0x00007ff8cc72f000 	D:\java\IntelliJ IDEA\jre64\bin\verify.dll
0x00007ff8cc6f0000 - 0x00007ff8cc719000 	D:\java\IntelliJ IDEA\jre64\bin\java.dll
0x00007ff8c7e70000 - 0x00007ff8c7e86000 	D:\java\IntelliJ IDEA\jre64\bin\zip.dll

VM Arguments:
java_command: org.jetbrains.git4idea.http.GitAskPassApp Username for 'https://e.coding.net': 
java_class_path (initial): D:/java/IntelliJ IDEA/plugins/git4idea/lib/git4idea-rt.jar;D:/java/IntelliJ IDEA/lib/xmlrpc-2.0.1.jar;D:/java/IntelliJ IDEA/lib/commons-codec-1.10.jar;D:/java/IntelliJ IDEA/lib/util.jar
Launcher Type: SUN_STANDARD

Environment Variables:
JAVA_HOME=D:\java\jdk1.8
CLASSPATH=D:\java\jdk1.8\jre\lib\rt.jar;.;
PATH=D:/java/Git/mingw64/libexec/git-core;D:/java/Git/mingw64/libexec/git-core;D:\java\Git\mingw64\bin;D:\java\Git\usr\bin;C:\Users\JayGengi\bin;C:\Program Files (x86)\Common Files\Oracle\Java\javapath;C:\Windows\system32;C:\Windows;C:\Windows\System32\Wbem;C:\Windows\System32\WindowsPowerShell\v1.0\;C:\Windows\System32\OpenSSH\;C:\Program Files (x86)\Intel\Intel(R) Management Engine Components\DAL;C:\Program Files\Intel\Intel(R) Management Engine Components\DAL;d:\java\Git\cmd;C:\Program Files\nodejs\;C:\Users\JayGengi\AppData\Local\Microsoft\WindowsApps;D:\java\jdk1.8\bin;D:\java\maven-3.6.1\bin;C:\Users\JayGengi\AppData\Roaming\npm;D:\java\mysql-5.7.27-winx64\bin;
USERNAME=JayGengi
DISPLAY=:0.0
OS=Windows_NT
PROCESSOR_IDENTIFIER=Intel64 Family 6 Model 158 Stepping 10, GenuineIntel



---------------  S Y S T E M  ---------------

OS: Windows 10.0 , 64 bit Build 17763 (10.0.17763.1158)

CPU:total 6 (initial active 6) (6 cores per cpu, 1 threads per core) family 6 model 158 stepping 10, cmov, cx8, fxsr, mmx, sse, sse2, sse3, ssse3, sse4.1, sse4.2, popcnt, avx, avx2, aes, clmul, erms, rtm, 3dnowpref, lzcnt, tsc, tscinvbit, bmi1, bmi2, adx

Memory: 4k page, physical 16617252k(2619888k free), swap 23171104k(5432k free)

vm_info: OpenJDK 64-Bit Server VM (25.202-b58) for windows-amd64 JRE (1.8.0_202-release-1483-b58), built on May 22 2019 13:19:29 by "builduser" with MS VC++ 10.0 (VS2010)

time: Sat Apr 25 20:03:47 2020
timezone: 中国标准时间
elapsed time: 0 seconds (0d 0h 0m 0s)

